0: {0, 1, 2, 3, 4, 5, 6, 7, 8, 9, 10, 11, 12, 13, 14, 15, 16, 17, 18, 19, 20, 21, 22, 23, 24, 25, 26, 27, 28, 29, 30, 31, 32, 33}
1: {0, 1, 2, 3, 4, 5, 6, 7, 8, 9, 10, 12, 13, 14, 15, 16, 17, 18, 19, 20, 21, 22, 23, 24, 25, 26, 27, 28, 29, 30, 31, 32, 33}
1: {11} (leaf)
2: {0, 1, 2, 3, 4, 5, 6, 7, 8, 9, 10, 13, 14, 15, 16, 17, 18, 19, 20, 21, 22, 23, 24, 25, 26, 27, 28, 29, 30, 31, 32, 33}
2: {12} (leaf)
3: {0, 1, 2, 3, 4, 5, 6, 7, 8, 9, 10, 13, 14, 15, 16, 17, 18, 19, 20, 21, 23, 24, 25, 26, 27, 28, 29, 30, 31, 32, 33}
3: {22} (leaf)
4: {0, 1, 2, 3, 4, 5, 6, 7, 8, 9, 10, 13, 14, 15, 16, 17, 18, 19, 21, 23, 24, 25, 26, 27, 28, 29, 30, 31, 32, 33}
4: {20} (leaf)
5: {0, 1, 2, 3, 4, 5, 6, 7, 8, 9, 10, 13, 14, 15, 17, 18, 19, 21, 23, 24, 25, 26, 27, 28, 29, 30, 31, 32, 33}
5: {16} (leaf)
6: {0, 1, 2, 3, 4, 5, 6, 7, 8, 9, 10, 13, 14, 15, 17, 18, 21, 23, 24, 25, 26, 27, 28, 29, 30, 31, 32, 33}
6: {19} (leaf)
7: {0, 1, 2, 3, 4, 5, 6, 7, 8, 9, 10, 13, 14, 15, 18, 21, 23, 24, 25, 26, 27, 28, 29, 30, 31, 32, 33}
7: {17} (leaf)
8: {0, 1, 2, 3, 4, 5, 6, 8, 9, 10, 13, 14, 15, 18, 21, 23, 24, 25, 26, 27, 28, 29, 30, 31, 32, 33}
8: {7} (leaf)
9: {0, 1, 2, 3, 4, 6, 8, 9, 10, 13, 14, 15, 18, 21, 23, 24, 25, 26, 27, 28, 29, 30, 31, 32, 33}
9: {5} (leaf)
10: {0, 1, 2, 3, 4, 6, 10, 21}
10: {8, 9, 13, 14, 15, 18, 23, 24, 25, 26, 27, 28, 29, 30, 31, 32, 33}
11: {0, 1, 2, 3, 21}
11: {25} (leaf)
11: {4, 6, 10}
11: {8, 9, 13, 14, 15, 18, 23, 24, 26, 27, 28, 29, 30, 31, 32, 33}
12: {0, 3, 21}
12: {1, 2}
12: {23} (leaf)
12: {4, 10}
12: {6} (leaf)
12: {8, 9, 13, 14, 15, 18, 24, 26, 27, 28, 29, 30, 31, 32, 33}
13: {0, 3}
13: {10} (leaf)
13: {18} (leaf)
13: {1} (leaf)
13: {21} (leaf)
13: {2} (leaf)
13: {4} (leaf)
13: {8, 9, 13, 14, 15, 24, 26, 27, 28, 29, 30, 31, 32, 33}
14: {0} (leaf)
14: {13} (leaf)
14: {3} (leaf)
14: {8, 9, 14, 15, 24, 26, 27, 28, 29, 30, 31, 32, 33}
15: {15} (leaf)
15: {8, 9, 14, 24, 26, 27, 28, 29, 30, 31, 32, 33}
16: {14} (leaf)
16: {8, 9, 24, 26, 27, 28, 29, 30, 31, 32, 33}
17: {8, 24, 26, 27, 28, 29, 30, 31, 32, 33}
17: {9} (leaf)
18: {24, 26, 27, 28, 29, 30, 31, 32, 33}
18: {8} (leaf)
19: {24, 26, 27, 28, 29, 30, 31, 33}
19: {32} (leaf)
20: {24, 27, 28, 29, 30, 31, 33}
20: {26} (leaf)
21: {24, 27, 31}
21: {28, 29, 30, 33}
22: {24, 27}
22: {28, 29, 33}
22: {30} (leaf)
22: {31} (leaf)
23: {24} (leaf)
23: {27} (leaf)
23: {28, 33}
23: {29} (leaf)
24: {28} (leaf)
24: {33} (leaf)
